<?xml version="1.0" encoding="UTF-8"?>
<!-- Generated by org.testng.reporters.JUnitXMLReporter -->
<testsuite hostname="LAPTOP-DRQ9S1MN" ignored="0" name="Default test" tests="6" failures="0" timestamp="12 Apr 2020 11:59:54 GMT" time="78.286" errors="0">
  <testcase name="SearchingSmartphones" time="11.116" classname="com.SnapdealTest"/>
  <testcase name="SelectingPriceRange" time="4.265" classname="com.SnapdealTest"/>
  <testcase name="SelectingBrands" time="6.872" classname="com.SnapdealTest"/>
  <testcase name="Mobiles" time="29.594" classname="com.SnapdealTest"/>
  <testcase name="FinallyCart" time="3.741" classname="com.SnapdealTest"/>
  <testcase name="Screenshot" time="3.07" classname="com.SnapdealTest"/>
</testsuite> <!-- Default test -->
