<?xml version="1.0" encoding="UTF-8"?>
<testng-results skipped="0" failed="0" ignored="0" total="6" passed="6">
  <reporter-output>
  </reporter-output>
  <suite name="Default suite" duration-ms="78286" started-at="2020-04-12T11:58:36Z" finished-at="2020-04-12T11:59:54Z">
    <groups>
    </groups>
    <test name="Default test" duration-ms="78286" started-at="2020-04-12T11:58:36Z" finished-at="2020-04-12T11:59:54Z">
      <class name="com.SnapdealTest">
        <test-method status="PASS" signature="startmethod()[pri:0, instance:com.SnapdealTest@39aeed2f]" name="startmethod" is-config="true" duration-ms="17892" started-at="2020-04-12T17:28:36Z" finished-at="2020-04-12T17:28:54Z">
          <reporter-output>
          </reporter-output>
        </test-method> <!-- startmethod -->
        <test-method status="PASS" signature="SearchingSmartphones()[pri:0, instance:com.SnapdealTest@39aeed2f]" name="SearchingSmartphones" duration-ms="11116" started-at="2020-04-12T17:28:54Z" finished-at="2020-04-12T17:29:05Z">
          <reporter-output>
          </reporter-output>
        </test-method> <!-- SearchingSmartphones -->
        <test-method status="PASS" signature="SelectingPriceRange()[pri:1, instance:com.SnapdealTest@39aeed2f]" name="SelectingPriceRange" duration-ms="4265" started-at="2020-04-12T17:29:05Z" finished-at="2020-04-12T17:29:09Z">
          <reporter-output>
          </reporter-output>
        </test-method> <!-- SelectingPriceRange -->
        <test-method status="PASS" signature="SelectingBrands()[pri:2, instance:com.SnapdealTest@39aeed2f]" name="SelectingBrands" duration-ms="6872" started-at="2020-04-12T17:29:09Z" finished-at="2020-04-12T17:29:16Z">
          <reporter-output>
          </reporter-output>
        </test-method> <!-- SelectingBrands -->
        <test-method status="PASS" signature="Mobiles()[pri:3, instance:com.SnapdealTest@39aeed2f]" name="Mobiles" duration-ms="29594" started-at="2020-04-12T17:29:16Z" finished-at="2020-04-12T17:29:46Z">
          <reporter-output>
          </reporter-output>
        </test-method> <!-- Mobiles -->
        <test-method status="PASS" signature="FinallyCart()[pri:4, instance:com.SnapdealTest@39aeed2f]" name="FinallyCart" duration-ms="3741" started-at="2020-04-12T17:29:46Z" finished-at="2020-04-12T17:29:49Z">
          <reporter-output>
          </reporter-output>
        </test-method> <!-- FinallyCart -->
        <test-method status="PASS" signature="Screenshot()[pri:0, instance:com.SnapdealTest@39aeed2f]" name="Screenshot" duration-ms="3070" started-at="2020-04-12T17:29:49Z" depends-on-methods="com.SnapdealTest.FinallyCart" finished-at="2020-04-12T17:29:52Z">
          <reporter-output>
          </reporter-output>
        </test-method> <!-- Screenshot -->
        <test-method status="PASS" signature="finalmethod()[pri:0, instance:com.SnapdealTest@39aeed2f]" name="finalmethod" is-config="true" duration-ms="1567" started-at="2020-04-12T17:29:52Z" finished-at="2020-04-12T17:29:54Z">
          <reporter-output>
          </reporter-output>
        </test-method> <!-- finalmethod -->
      </class> <!-- com.SnapdealTest -->
    </test> <!-- Default test -->
  </suite> <!-- Default suite -->
</testng-results>
